2021-04-21 17:19:47  [OpenCart.Logs.Log] (main:) Telephone must be between 3 and 32 characters!
2021-04-21 17:21:17  [OpenCart.Logs.Log] (main:) Telephone must be between 3 and 32 characters!
2021-04-21 17:37:02  [OpenCart.Logs.Log] (main:) Telephone must be between 3 and 32 characters!
2021-04-21 17:37:47  [OpenCart.Logs.Log] (main:) Success: You have added iMac to your shopping cart!
×
2021-04-21 17:45:36  [OpenCart.Logs.Log] (main:) Telephone must be between 3 and 32 characters!
2021-04-21 17:46:54  [OpenCart.Logs.Log] (main:) Success: You have added iMac to your shopping cart!
×
2021-04-21 17:48:58  [OpenCart.Logs.Log] (main:) Success: Your account has been successfully updated.
2021-04-21 18:01:02  [OpenCart.Logs.Log] (main:) Telephone must be between 3 and 32 characters!
2021-04-21 18:01:40  [OpenCart.Logs.Log] (main:) Desktops (13)
   - PC (0)
   - Mac (1)
Laptops & Notebooks (5)
Components (2)
Tablets (1)
Software (0)
Phones & PDAs (3)
Cameras (2)
MP3 Players (4)
Mac
Product Compare (0)
Sort By:
Default
Name (A - Z)
Name (Z - A)
Price (Low > High)
Price (High > Low)
Rating (Highest)
Rating (Lowest)
Model (A - Z)
Model (Z - A)
Show:
15
25
50
75
100
iMac
Just when you thought iMac had everything, now there´s even more. More powerful Intel Core 2 Duo pro..
$100.00
Ex Tax: $100.00
ADD TO CART
Showing 1 to 1 of 1 (1 Pages)
2021-04-21 18:04:45  [OpenCart.Logs.Log] (main:) Telephone must be between 3 and 32 characters!
2021-04-21 18:05:26  [OpenCart.Logs.Log] (main:) Desktops (13)
   - PC (0)
   - Mac (1)
Laptops & Notebooks (5)
Components (2)
Tablets (1)
Software (0)
Phones & PDAs (3)
Cameras (2)
MP3 Players (4)
Mac
Product Compare (0)
Sort By:
Default
Name (A - Z)
Name (Z - A)
Price (Low > High)
Price (High > Low)
Rating (Highest)
Rating (Lowest)
Model (A - Z)
Model (Z - A)
Show:
15
25
50
75
100
iMac
Just when you thought iMac had everything, now there´s even more. More powerful Intel Core 2 Duo pro..
$100.00
Ex Tax: $100.00
ADD TO CART
Showing 1 to 1 of 1 (1 Pages)
2021-04-21 18:07:02  [OpenCart.Logs.Log] (main:) Success: Your account has been successfully updated.
